2026-01-14 10:40:22,745 - SystemMonitor - INFO - Starting Arcturus System Monitor
2026-01-14 10:40:22,745 - SystemMonitor - INFO - Starting Arcturus System Monitor
2026-01-14 10:40:22,745 - SystemMonitor - INFO - Configuration: /opt/mythos/graph_logging/config/monitoring_config.yaml
2026-01-14 10:40:22,745 - SystemMonitor - INFO - Configuration: /opt/mythos/graph_logging/config/monitoring_config.yaml
2026-01-14 10:40:22,749 - SystemMonitor - INFO - Connected to Neo4j
2026-01-14 10:40:22,749 - SystemMonitor - INFO - Connected to Neo4j
2026-01-14 10:40:22,749 - SystemMonitor - INFO - Monitoring started (interval: 60s)
2026-01-14 10:40:22,749 - SystemMonitor - INFO - Monitoring started (interval: 60s)
2026-01-14 16:31:33,123 - SystemMonitor - WARNING - High CPU usage: 100.0%
2026-01-14 16:31:33,123 - SystemMonitor - WARNING - High CPU usage: 100.0%
2026-01-14 16:31:33,152 - SystemMonitor - ERROR - Error checking CPU: {neo4j_code: Neo.ClientError.Statement.TypeError} {message: Property values can only be of primitive types or arrays thereof. Encountered: Map{threshold -> Long(80), cpu_percent -> Double(1.000000e+02)}.} {gql_status: 22G03} {gql_status_description: error: data exception - invalid value type}
2026-01-14 16:31:33,152 - SystemMonitor - ERROR - Error checking CPU: {neo4j_code: Neo.ClientError.Statement.TypeError} {message: Property values can only be of primitive types or arrays thereof. Encountered: Map{threshold -> Long(80), cpu_percent -> Double(1.000000e+02)}.} {gql_status: 22G03} {gql_status_description: error: data exception - invalid value type}
2026-01-16 11:55:49,771 - SystemMonitor - INFO - Received signal 15, shutting down...
2026-01-16 11:55:49,771 - SystemMonitor - INFO - Received signal 15, shutting down...
2026-01-16 11:56:52,458 - SystemMonitor - INFO - Starting Arcturus System Monitor
2026-01-16 11:56:52,458 - SystemMonitor - INFO - Starting Arcturus System Monitor
2026-01-16 11:56:52,458 - SystemMonitor - INFO - Configuration: /opt/mythos/graph_logging/config/monitoring_config.yaml
2026-01-16 11:56:52,458 - SystemMonitor - INFO - Configuration: /opt/mythos/graph_logging/config/monitoring_config.yaml
2026-01-16 11:56:52,954 - SystemMonitor - INFO - Connected to Neo4j
2026-01-16 11:56:52,954 - SystemMonitor - INFO - Connected to Neo4j
2026-01-16 11:56:52,955 - SystemMonitor - INFO - Monitoring started (interval: 60s)
2026-01-16 11:56:52,955 - SystemMonitor - INFO - Monitoring started (interval: 60s)
2026-01-16 20:45:10,523 - SystemMonitor - WARNING - High memory process: java (PID 30506) using 12.7%
2026-01-16 20:45:10,523 - SystemMonitor - WARNING - High memory process: java (PID 30506) using 12.7%
2026-01-16 20:45:10,660 - SystemMonitor - ERROR - Error checking processes: {neo4j_code: Neo.ClientError.Statement.TypeError} {message: Property values can only be of primitive types or arrays thereof. Encountered: Map{name -> String("java"), pid -> Long(30506), memory_percent -> Double(1.274310e+01), cpu_percent -> Double(0.000000e+00)}.} {gql_status: 22G03} {gql_status_description: error: data exception - invalid value type}
2026-01-16 20:45:10,660 - SystemMonitor - ERROR - Error checking processes: {neo4j_code: Neo.ClientError.Statement.TypeError} {message: Property values can only be of primitive types or arrays thereof. Encountered: Map{name -> String("java"), pid -> Long(30506), memory_percent -> Double(1.274310e+01), cpu_percent -> Double(0.000000e+00)}.} {gql_status: 22G03} {gql_status_description: error: data exception - invalid value type}
2026-01-16 20:46:11,741 - SystemMonitor - WARNING - High memory process: java (PID 30506) using 12.8%
2026-01-16 20:46:11,741 - SystemMonitor - WARNING - High memory process: java (PID 30506) using 12.8%
2026-01-16 20:46:11,742 - SystemMonitor - ERROR - Error checking processes: {neo4j_code: Neo.ClientError.Statement.TypeError} {message: Property values can only be of primitive types or arrays thereof. Encountered: Map{name -> String("java"), pid -> Long(30506), memory_percent -> Double(1.275418e+01), cpu_percent -> Double(1.099000e+02)}.} {gql_status: 22G03} {gql_status_description: error: data exception - invalid value type}
2026-01-16 20:46:11,742 - SystemMonitor - ERROR - Error checking processes: {neo4j_code: Neo.ClientError.Statement.TypeError} {message: Property values can only be of primitive types or arrays thereof. Encountered: Map{name -> String("java"), pid -> Long(30506), memory_percent -> Double(1.275418e+01), cpu_percent -> Double(1.099000e+02)}.} {gql_status: 22G03} {gql_status_description: error: data exception - invalid value type}
2026-01-16 20:47:12,821 - SystemMonitor - WARNING - High memory process: java (PID 30506) using 12.7%
2026-01-16 20:47:12,821 - SystemMonitor - WARNING - High memory process: java (PID 30506) using 12.7%
2026-01-16 20:47:12,822 - SystemMonitor - ERROR - Error checking processes: {neo4j_code: Neo.ClientError.Statement.TypeError} {message: Property values can only be of primitive types or arrays thereof. Encountered: Map{name -> String("java"), pid -> Long(30506), memory_percent -> Double(1.274784e+01), cpu_percent -> Double(1.071000e+02)}.} {gql_status: 22G03} {gql_status_description: error: data exception - invalid value type}
2026-01-16 20:47:12,822 - SystemMonitor - ERROR - Error checking processes: {neo4j_code: Neo.ClientError.Statement.TypeError} {message: Property values can only be of primitive types or arrays thereof. Encountered: Map{name -> String("java"), pid -> Long(30506), memory_percent -> Double(1.274784e+01), cpu_percent -> Double(1.071000e+02)}.} {gql_status: 22G03} {gql_status_description: error: data exception - invalid value type}
2026-01-16 20:48:13,902 - SystemMonitor - WARNING - High memory process: java (PID 30506) using 12.8%
2026-01-16 20:48:13,902 - SystemMonitor - WARNING - High memory process: java (PID 30506) using 12.8%
2026-01-16 20:48:13,903 - SystemMonitor - ERROR - Error checking processes: {neo4j_code: Neo.ClientError.Statement.TypeError} {message: Property values can only be of primitive types or arrays thereof. Encountered: Map{name -> String("java"), pid -> Long(30506), memory_percent -> Double(1.275424e+01), cpu_percent -> Double(1.062000e+02)}.} {gql_status: 22G03} {gql_status_description: error: data exception - invalid value type}
2026-01-16 20:48:13,903 - SystemMonitor - ERROR - Error checking processes: {neo4j_code: Neo.ClientError.Statement.TypeError} {message: Property values can only be of primitive types or arrays thereof. Encountered: Map{name -> String("java"), pid -> Long(30506), memory_percent -> Double(1.275424e+01), cpu_percent -> Double(1.062000e+02)}.} {gql_status: 22G03} {gql_status_description: error: data exception - invalid value type}
2026-01-16 20:49:14,985 - SystemMonitor - WARNING - High memory process: java (PID 30506) using 15.5%
2026-01-16 20:49:14,985 - SystemMonitor - WARNING - High memory process: java (PID 30506) using 15.5%
2026-01-16 20:49:14,986 - SystemMonitor - ERROR - Error checking processes: {neo4j_code: Neo.ClientError.Statement.TypeError} {message: Property values can only be of primitive types or arrays thereof. Encountered: Map{name -> String("java"), pid -> Long(30506), memory_percent -> Double(1.553113e+01), cpu_percent -> Double(1.854000e+02)}.} {gql_status: 22G03} {gql_status_description: error: data exception - invalid value type}
2026-01-16 20:49:14,986 - SystemMonitor - ERROR - Error checking processes: {neo4j_code: Neo.ClientError.Statement.TypeError} {message: Property values can only be of primitive types or arrays thereof. Encountered: Map{name -> String("java"), pid -> Long(30506), memory_percent -> Double(1.553113e+01), cpu_percent -> Double(1.854000e+02)}.} {gql_status: 22G03} {gql_status_description: error: data exception - invalid value type}
2026-01-16 20:50:16,063 - SystemMonitor - WARNING - High memory process: java (PID 30506) using 16.3%
2026-01-16 20:50:16,063 - SystemMonitor - WARNING - High memory process: java (PID 30506) using 16.3%
2026-01-16 20:50:16,065 - SystemMonitor - ERROR - Error checking processes: {neo4j_code: Neo.ClientError.Statement.TypeError} {message: Property values can only be of primitive types or arrays thereof. Encountered: Map{name -> String("java"), pid -> Long(30506), memory_percent -> Double(1.631872e+01), cpu_percent -> Double(3.792000e+02)}.} {gql_status: 22G03} {gql_status_description: error: data exception - invalid value type}
2026-01-16 20:50:16,065 - SystemMonitor - ERROR - Error checking processes: {neo4j_code: Neo.ClientError.Statement.TypeError} {message: Property values can only be of primitive types or arrays thereof. Encountered: Map{name -> String("java"), pid -> Long(30506), memory_percent -> Double(1.631872e+01), cpu_percent -> Double(3.792000e+02)}.} {gql_status: 22G03} {gql_status_description: error: data exception - invalid value type}
2026-01-16 20:51:17,139 - SystemMonitor - WARNING - High memory process: java (PID 30506) using 22.5%
2026-01-16 20:51:17,139 - SystemMonitor - WARNING - High memory process: java (PID 30506) using 22.5%
2026-01-16 20:51:17,141 - SystemMonitor - ERROR - Error checking processes: {neo4j_code: Neo.ClientError.Statement.TypeError} {message: Property values can only be of primitive types or arrays thereof. Encountered: Map{name -> String("java"), pid -> Long(30506), memory_percent -> Double(2.250645e+01), cpu_percent -> Double(8.877000e+02)}.} {gql_status: 22G03} {gql_status_description: error: data exception - invalid value type}
2026-01-16 20:51:17,141 - SystemMonitor - ERROR - Error checking processes: {neo4j_code: Neo.ClientError.Statement.TypeError} {message: Property values can only be of primitive types or arrays thereof. Encountered: Map{name -> String("java"), pid -> Long(30506), memory_percent -> Double(2.250645e+01), cpu_percent -> Double(8.877000e+02)}.} {gql_status: 22G03} {gql_status_description: error: data exception - invalid value type}
2026-01-16 20:52:18,257 - SystemMonitor - WARNING - High memory process: java (PID 30506) using 23.0%
2026-01-16 20:52:18,257 - SystemMonitor - WARNING - High memory process: java (PID 30506) using 23.0%
2026-01-16 20:52:18,258 - SystemMonitor - ERROR - Error checking processes: {neo4j_code: Neo.ClientError.Statement.TypeError} {message: Property values can only be of primitive types or arrays thereof. Encountered: Map{name -> String("java"), pid -> Long(30506), memory_percent -> Double(2.296568e+01), cpu_percent -> Double(3.862000e+02)}.} {gql_status: 22G03} {gql_status_description: error: data exception - invalid value type}
2026-01-16 20:52:18,258 - SystemMonitor - ERROR - Error checking processes: {neo4j_code: Neo.ClientError.Statement.TypeError} {message: Property values can only be of primitive types or arrays thereof. Encountered: Map{name -> String("java"), pid -> Long(30506), memory_percent -> Double(2.296568e+01), cpu_percent -> Double(3.862000e+02)}.} {gql_status: 22G03} {gql_status_description: error: data exception - invalid value type}
2026-01-16 20:53:19,334 - SystemMonitor - WARNING - High memory process: java (PID 30506) using 23.3%
2026-01-16 20:53:19,334 - SystemMonitor - WARNING - High memory process: java (PID 30506) using 23.3%
2026-01-16 20:53:19,335 - SystemMonitor - ERROR - Error checking processes: {neo4j_code: Neo.ClientError.Statement.TypeError} {message: Property values can only be of primitive types or arrays thereof. Encountered: Map{name -> String("java"), pid -> Long(30506), memory_percent -> Double(2.327018e+01), cpu_percent -> Double(3.327000e+02)}.} {gql_status: 22G03} {gql_status_description: error: data exception - invalid value type}
2026-01-16 20:53:19,335 - SystemMonitor - ERROR - Error checking processes: {neo4j_code: Neo.ClientError.Statement.TypeError} {message: Property values can only be of primitive types or arrays thereof. Encountered: Map{name -> String("java"), pid -> Long(30506), memory_percent -> Double(2.327018e+01), cpu_percent -> Double(3.327000e+02)}.} {gql_status: 22G03} {gql_status_description: error: data exception - invalid value type}
2026-01-16 20:54:20,411 - SystemMonitor - WARNING - High memory process: java (PID 30506) using 23.4%
2026-01-16 20:54:20,411 - SystemMonitor - WARNING - High memory process: java (PID 30506) using 23.4%
2026-01-16 20:54:20,412 - SystemMonitor - ERROR - Error checking processes: {neo4j_code: Neo.ClientError.Statement.TypeError} {message: Property values can only be of primitive types or arrays thereof. Encountered: Map{name -> String("java"), pid -> Long(30506), memory_percent -> Double(2.335525e+01), cpu_percent -> Double(3.043000e+02)}.} {gql_status: 22G03} {gql_status_description: error: data exception - invalid value type}
2026-01-16 20:54:20,412 - SystemMonitor - ERROR - Error checking processes: {neo4j_code: Neo.ClientError.Statement.TypeError} {message: Property values can only be of primitive types or arrays thereof. Encountered: Map{name -> String("java"), pid -> Long(30506), memory_percent -> Double(2.335525e+01), cpu_percent -> Double(3.043000e+02)}.} {gql_status: 22G03} {gql_status_description: error: data exception - invalid value type}
2026-01-16 20:55:21,492 - SystemMonitor - WARNING - High memory process: java (PID 30506) using 23.4%
2026-01-16 20:55:21,492 - SystemMonitor - WARNING - High memory process: java (PID 30506) using 23.4%
2026-01-16 20:55:21,498 - SystemMonitor - ERROR - Error checking processes: {neo4j_code: Neo.ClientError.Statement.TypeError} {message: Property values can only be of primitive types or arrays thereof. Encountered: Map{name -> String("java"), pid -> Long(30506), memory_percent -> Double(2.341715e+01), cpu_percent -> Double(3.200000e+02)}.} {gql_status: 22G03} {gql_status_description: error: data exception - invalid value type}
2026-01-16 20:55:21,498 - SystemMonitor - ERROR - Error checking processes: {neo4j_code: Neo.ClientError.Statement.TypeError} {message: Property values can only be of primitive types or arrays thereof. Encountered: Map{name -> String("java"), pid -> Long(30506), memory_percent -> Double(2.341715e+01), cpu_percent -> Double(3.200000e+02)}.} {gql_status: 22G03} {gql_status_description: error: data exception - invalid value type}
2026-01-16 20:56:22,565 - SystemMonitor - WARNING - High memory process: java (PID 30506) using 23.4%
2026-01-16 20:56:22,565 - SystemMonitor - WARNING - High memory process: java (PID 30506) using 23.4%
2026-01-16 20:56:22,566 - SystemMonitor - ERROR - Error checking processes: {neo4j_code: Neo.ClientError.Statement.TypeError} {message: Property values can only be of primitive types or arrays thereof. Encountered: Map{name -> String("java"), pid -> Long(30506), memory_percent -> Double(2.342148e+01), cpu_percent -> Double(3.083000e+02)}.} {gql_status: 22G03} {gql_status_description: error: data exception - invalid value type}
2026-01-16 20:56:22,566 - SystemMonitor - ERROR - Error checking processes: {neo4j_code: Neo.ClientError.Statement.TypeError} {message: Property values can only be of primitive types or arrays thereof. Encountered: Map{name -> String("java"), pid -> Long(30506), memory_percent -> Double(2.342148e+01), cpu_percent -> Double(3.083000e+02)}.} {gql_status: 22G03} {gql_status_description: error: data exception - invalid value type}
2026-01-16 20:57:23,634 - SystemMonitor - WARNING - High memory process: java (PID 30506) using 23.4%
2026-01-16 20:57:23,634 - SystemMonitor - WARNING - High memory process: java (PID 30506) using 23.4%
2026-01-16 20:57:23,635 - SystemMonitor - ERROR - Error checking processes: {neo4j_code: Neo.ClientError.Statement.TypeError} {message: Property values can only be of primitive types or arrays thereof. Encountered: Map{name -> String("java"), pid -> Long(30506), memory_percent -> Double(2.341711e+01), cpu_percent -> Double(3.159000e+02)}.} {gql_status: 22G03} {gql_status_description: error: data exception - invalid value type}
2026-01-16 20:57:23,635 - SystemMonitor - ERROR - Error checking processes: {neo4j_code: Neo.ClientError.Statement.TypeError} {message: Property values can only be of primitive types or arrays thereof. Encountered: Map{name -> String("java"), pid -> Long(30506), memory_percent -> Double(2.341711e+01), cpu_percent -> Double(3.159000e+02)}.} {gql_status: 22G03} {gql_status_description: error: data exception - invalid value type}
2026-01-16 20:58:24,710 - SystemMonitor - WARNING - High memory process: java (PID 30506) using 23.5%
2026-01-16 20:58:24,710 - SystemMonitor - WARNING - High memory process: java (PID 30506) using 23.5%
2026-01-16 20:58:24,711 - SystemMonitor - ERROR - Error checking processes: {neo4j_code: Neo.ClientError.Statement.TypeError} {message: Property values can only be of primitive types or arrays thereof. Encountered: Map{name -> String("java"), pid -> Long(30506), memory_percent -> Double(2.345206e+01), cpu_percent -> Double(3.045000e+02)}.} {gql_status: 22G03} {gql_status_description: error: data exception - invalid value type}
2026-01-16 20:58:24,711 - SystemMonitor - ERROR - Error checking processes: {neo4j_code: Neo.ClientError.Statement.TypeError} {message: Property values can only be of primitive types or arrays thereof. Encountered: Map{name -> String("java"), pid -> Long(30506), memory_percent -> Double(2.345206e+01), cpu_percent -> Double(3.045000e+02)}.} {gql_status: 22G03} {gql_status_description: error: data exception - invalid value type}
2026-01-16 20:59:25,791 - SystemMonitor - WARNING - High memory process: java (PID 30506) using 24.7%
2026-01-16 20:59:25,791 - SystemMonitor - WARNING - High memory process: java (PID 30506) using 24.7%
2026-01-16 20:59:25,794 - SystemMonitor - ERROR - Error checking processes: {neo4j_code: Neo.ClientError.Statement.TypeError} {message: Property values can only be of primitive types or arrays thereof. Encountered: Map{name -> String("java"), pid -> Long(30506), memory_percent -> Double(2.474850e+01), cpu_percent -> Double(3.443000e+02)}.} {gql_status: 22G03} {gql_status_description: error: data exception - invalid value type}
2026-01-16 20:59:25,794 - SystemMonitor - ERROR - Error checking processes: {neo4j_code: Neo.ClientError.Statement.TypeError} {message: Property values can only be of primitive types or arrays thereof. Encountered: Map{name -> String("java"), pid -> Long(30506), memory_percent -> Double(2.474850e+01), cpu_percent -> Double(3.443000e+02)}.} {gql_status: 22G03} {gql_status_description: error: data exception - invalid value type}
2026-01-16 21:00:26,870 - SystemMonitor - WARNING - High memory process: java (PID 30506) using 25.4%
2026-01-16 21:00:26,870 - SystemMonitor - WARNING - High memory process: java (PID 30506) using 25.4%
2026-01-16 21:00:26,872 - SystemMonitor - ERROR - Error checking processes: {neo4j_code: Neo.ClientError.Statement.TypeError} {message: Property values can only be of primitive types or arrays thereof. Encountered: Map{name -> String("java"), pid -> Long(30506), memory_percent -> Double(2.540600e+01), cpu_percent -> Double(3.221000e+02)}.} {gql_status: 22G03} {gql_status_description: error: data exception - invalid value type}
2026-01-16 21:00:26,872 - SystemMonitor - ERROR - Error checking processes: {neo4j_code: Neo.ClientError.Statement.TypeError} {message: Property values can only be of primitive types or arrays thereof. Encountered: Map{name -> String("java"), pid -> Long(30506), memory_percent -> Double(2.540600e+01), cpu_percent -> Double(3.221000e+02)}.} {gql_status: 22G03} {gql_status_description: error: data exception - invalid value type}
2026-01-16 21:01:27,949 - SystemMonitor - WARNING - High memory process: java (PID 30506) using 25.4%
2026-01-16 21:01:27,949 - SystemMonitor - WARNING - High memory process: java (PID 30506) using 25.4%
2026-01-16 21:01:27,950 - SystemMonitor - ERROR - Error checking processes: {neo4j_code: Neo.ClientError.Statement.TypeError} {message: Property values can only be of primitive types or arrays thereof. Encountered: Map{name -> String("java"), pid -> Long(30506), memory_percent -> Double(2.540782e+01), cpu_percent -> Double(3.045000e+02)}.} {gql_status: 22G03} {gql_status_description: error: data exception - invalid value type}
2026-01-16 21:01:27,950 - SystemMonitor - ERROR - Error checking processes: {neo4j_code: Neo.ClientError.Statement.TypeError} {message: Property values can only be of primitive types or arrays thereof. Encountered: Map{name -> String("java"), pid -> Long(30506), memory_percent -> Double(2.540782e+01), cpu_percent -> Double(3.045000e+02)}.} {gql_status: 22G03} {gql_status_description: error: data exception - invalid value type}
2026-01-16 21:02:29,027 - SystemMonitor - WARNING - High memory process: java (PID 30506) using 25.5%
2026-01-16 21:02:29,027 - SystemMonitor - WARNING - High memory process: java (PID 30506) using 25.5%
2026-01-16 21:02:29,028 - SystemMonitor - ERROR - Error checking processes: {neo4j_code: Neo.ClientError.Statement.TypeError} {message: Property values can only be of primitive types or arrays thereof. Encountered: Map{name -> String("java"), pid -> Long(30506), memory_percent -> Double(2.552829e+01), cpu_percent -> Double(3.380000e+02)}.} {gql_status: 22G03} {gql_status_description: error: data exception - invalid value type}
2026-01-16 21:02:29,028 - SystemMonitor - ERROR - Error checking processes: {neo4j_code: Neo.ClientError.Statement.TypeError} {message: Property values can only be of primitive types or arrays thereof. Encountered: Map{name -> String("java"), pid -> Long(30506), memory_percent -> Double(2.552829e+01), cpu_percent -> Double(3.380000e+02)}.} {gql_status: 22G03} {gql_status_description: error: data exception - invalid value type}
2026-01-16 21:03:30,103 - SystemMonitor - WARNING - High memory process: java (PID 30506) using 25.5%
2026-01-16 21:03:30,103 - SystemMonitor - WARNING - High memory process: java (PID 30506) using 25.5%
2026-01-16 21:03:30,105 - SystemMonitor - ERROR - Error checking processes: {neo4j_code: Neo.ClientError.Statement.TypeError} {message: Property values can only be of primitive types or arrays thereof. Encountered: Map{name -> String("java"), pid -> Long(30506), memory_percent -> Double(2.554483e+01), cpu_percent -> Double(3.086000e+02)}.} {gql_status: 22G03} {gql_status_description: error: data exception - invalid value type}
2026-01-16 21:03:30,105 - SystemMonitor - ERROR - Error checking processes: {neo4j_code: Neo.ClientError.Statement.TypeError} {message: Property values can only be of primitive types or arrays thereof. Encountered: Map{name -> String("java"), pid -> Long(30506), memory_percent -> Double(2.554483e+01), cpu_percent -> Double(3.086000e+02)}.} {gql_status: 22G03} {gql_status_description: error: data exception - invalid value type}
2026-01-23 18:30:37,225 - SystemMonitor - INFO - Received signal 15, shutting down...
2026-01-23 18:30:37,225 - SystemMonitor - INFO - Received signal 15, shutting down...
2026-01-23 19:08:40,617 - SystemMonitor - INFO - Starting Arcturus System Monitor
2026-01-23 19:08:40,617 - SystemMonitor - INFO - Starting Arcturus System Monitor
2026-01-23 19:08:40,618 - SystemMonitor - INFO - Configuration: /opt/mythos/graph_logging/config/monitoring_config.yaml
2026-01-23 19:08:40,618 - SystemMonitor - INFO - Configuration: /opt/mythos/graph_logging/config/monitoring_config.yaml
2026-01-23 19:08:41,129 - SystemMonitor - INFO - Connected to Neo4j
2026-01-23 19:08:41,129 - SystemMonitor - INFO - Connected to Neo4j
2026-01-23 19:08:41,129 - SystemMonitor - INFO - Monitoring started (interval: 60s)
2026-01-23 19:08:41,129 - SystemMonitor - INFO - Monitoring started (interval: 60s)
